<?xml version="1.0" encoding="UTF-8"?>
<!-- Generated by org.testng.reporters.JUnitReportReporter -->
<testsuite hostname="R847805-W10" name="Academy.E2E_Framework.ValidateTitles" tests="1" failures="0" timestamp="14 Feb 2021 13:55:50 GMT" time="0.057" errors="0">
  <testcase name="basePageNavigation" time="0.057" classname="Academy.E2E_Framework.ValidateTitles"/>
</testsuite> <!-- Academy.E2E_Framework.ValidateTitles -->
