<?xml version="1.0" encoding="UTF-8"?>
<!-- Generated by org.testng.reporters.JUnitReportReporter -->
<testsuite hostname="R847805-W10" name="Academy.E2E_Framework.HomePage" tests="2" failures="0" timestamp="14 Feb 2021 13:55:50 GMT" time="27.986" errors="0">
  <testcase name="basePageNavigation" time="13.808" classname="Academy.E2E_Framework.HomePage"/>
  <testcase name="basePageNavigation" time="14.178" classname="Academy.E2E_Framework.HomePage"/>
</testsuite> <!-- Academy.E2E_Framework.HomePage -->
