<?xml version="1.0" encoding="UTF-8"?>
<!-- Generated by org.testng.reporters.JUnitReportReporter -->
<testsuite skipped="0" hostname="R847805-W10" name="QAclickAcademy.Mavenjava.SeleniumTest" tests="2" failures="0" timestamp="2021-02-08T18:31:28 IST" time="0.013" errors="0">
  <testcase name="WebApplication" time="0.011" classname="QAclickAcademy.Mavenjava.SeleniumTest"/>
  <system-out/>
  <testcase name="browseautomation" time="0.002" classname="QAclickAcademy.Mavenjava.SeleniumTest"/>
  <system-out/>
</testsuite> <!-- QAclickAcademy.Mavenjava.SeleniumTest -->
