<?xml version="1.0" encoding="UTF-8"?>
<!-- Generated by org.testng.reporters.JUnitReportReporter -->
<testsuite skipped="0" hostname="R847805-W10" name="QAclickAcademy.Mavenjava.AppiumTest" tests="3" failures="0" timestamp="2021-02-08T18:31:28 IST" time="0.003" errors="0">
  <testcase name="Android" time="0.001" classname="QAclickAcademy.Mavenjava.AppiumTest"/>
  <system-out/>
  <testcase name="IOs" time="0.001" classname="QAclickAcademy.Mavenjava.AppiumTest"/>
  <system-out/>
  <testcase name="MobileApp" time="0.001" classname="QAclickAcademy.Mavenjava.AppiumTest"/>
  <system-out/>
</testsuite> <!-- QAclickAcademy.Mavenjava.AppiumTest -->
