<?xml version="1.0" encoding="UTF-8"?>
<!-- Generated by org.testng.reporters.JUnitReportReporter -->
<testsuite skipped="0" hostname="R847805-W10" name="QAclickAcademy.Mavenjava.RESTApiTest" tests="2" failures="0" timestamp="2021-02-08T18:31:28 IST" time="0.005" errors="0">
  <testcase name="postjiraAPI" time="0.002" classname="QAclickAcademy.Mavenjava.RESTApiTest"/>
  <system-out/>
  <testcase name="googleAPI" time="0.003" classname="QAclickAcademy.Mavenjava.RESTApiTest"/>
  <system-out/>
</testsuite> <!-- QAclickAcademy.Mavenjava.RESTApiTest -->
