<?xml version="1.0" encoding="UTF-8"?>
<!-- Generated by org.testng.reporters.JUnitReportReporter -->
<testsuite skipped="0" hostname="R847805-W10" name="Resource.ExtendReportsNG" tests="2" failures="0" timestamp="2021-02-15T19:42:06 IST" time="10.782" errors="0">
  <testcase name="Reports" time="10.776" classname="Resource.ExtendReportsNG"/>
  <system-out/>
  <testcase name="Android" time="0.006" classname="Resource.ExtendReportsNG"/>
  <system-out/>
</testsuite> <!-- Resource.ExtendReportsNG -->
