<?xml version="1.0" encoding="UTF-8"?>
<!-- Generated by org.testng.reporters.JUnitReportReporter -->
<testsuite skipped="0" hostname="R847805-W10" name="Academy.E2E_Framework.ValidateNavigation" tests="1" failures="0" timestamp="2021-02-15T22:39:22 IST" time="0.090" errors="0">
  <testcase name="basePageNavigation" time="0.090" classname="Academy.E2E_Framework.ValidateNavigation"/>
  <system-out/>
</testsuite> <!-- Academy.E2E_Framework.ValidateNavigation -->
