<?xml version="1.0" encoding="UTF-8"?>
<!-- Generated by org.testng.reporters.JUnitReportReporter -->
<testsuite skipped="0" hostname="R847805-W10" name="TestCases.LoginFeature" tests="1" failures="0" timestamp="2021-02-12T21:32:45 IST" time="17.796" errors="0">
  <testcase name="login" time="17.796" classname="TestCases.LoginFeature"/>
  <system-out/>
</testsuite> <!-- TestCases.LoginFeature -->
