<?xml version="1.0" encoding="UTF-8"?>
<!-- Generated by org.testng.reporters.JUnitReportReporter -->
<testsuite skipped="0" hostname="R847805-W10" name="Section21.Globalvalues" tests="1" failures="0" timestamp="2021-02-07T12:12:55 IST" time="0.016" errors="0">
  <testcase name="variables" time="0.016" classname="Section21.Globalvalues"/>
  <system-out/>
</testsuite> <!-- Section21.Globalvalues -->
