<?xml version="1.0" encoding="UTF-8"?>
<!-- Generated by org.testng.reporters.JUnitReportReporter -->
<testsuite skipped="0" hostname="R847805-W10" name="Basic.test3" tests="1" failures="0" timestamp="2021-02-05T18:55:12 IST" time="0.001" errors="0">
  <testcase name="WebLogin" time="0.001" classname="Basic.test3"/>
  <system-out/>
</testsuite> <!-- Basic.test3 -->
