<?xml version="1.0" encoding="UTF-8"?>
<!-- Generated by org.testng.reporters.JUnitReportReporter -->
<testsuite skipped="0" hostname="R847805-W10" name="Basic.test4" tests="1" failures="0" timestamp="2021-02-06T18:02:50 IST" time="0.001" errors="0">
  <testcase name="testerA" time="0.001" classname="Basic.test4"/>
  <system-out/>
</testsuite> <!-- Basic.test4 -->
