<?xml version="1.0" encoding="UTF-8"?>
<!-- Generated by org.testng.reporters.JUnitReportReporter -->
<testsuite skipped="0" hostname="R847805-W10" name="Basic.test2" tests="1" failures="0" timestamp="2021-02-06T17:34:42 IST" time="0.008" errors="0">
  <testcase name="Demo2" time="0.008" classname="Basic.test2"/>
  <system-out/>
</testsuite> <!-- Basic.test2 -->
