<?xml version="1.0" encoding="UTF-8"?>
<!-- Generated by org.testng.reporters.JUnitReportReporter -->
<testsuite skipped="0" hostname="R847805-W10" name="Basic.test" tests="2" failures="0" timestamp="2021-02-06T18:03:06 IST" time="0.007" errors="0">
  <testcase name="Demo" time="0.007" classname="Basic.test"/>
  <system-out/>
  <testcase name="method1" time="0.000" classname="Basic.test"/>
  <system-out/>
</testsuite> <!-- Basic.test -->
