<?xml version="1.0" encoding="UTF-8"?>
<!-- Generated by org.testng.reporters.JUnitReportReporter -->
<testsuite skipped="0" hostname="R847805-W10" name="test" tests="2" failures="0" timestamp="2021-02-05T15:51:52 IST" time="0.013" errors="0">
  <testcase name="Demo" time="0.012" classname="test"/>
  <system-out/>
  <testcase name="method1" time="0.001" classname="test"/>
  <system-out/>
</testsuite> <!-- test -->
